Copyright 1986-2018 Xilinx, Inc. All Rights Reserved.
----------------------------------------------------------------------------------------------------------------------------------------------------------------------------------------------------------
| Tool Version     : Vivado v.2018.2 (win64) Build 2258646 Thu Jun 14 20:03:12 MDT 2018
| Date             : Tue Jun 18 09:57:14 2019
| Host             : Windows-Desktop-Dell running 64-bit major release  (build 9200)
| Command          : report_power -file Streaming_2_D_FIR_Filter_fil_power_routed.rpt -pb Streaming_2_D_FIR_Filter_fil_power_summary_routed.pb -rpx Streaming_2_D_FIR_Filter_fil_power_routed.rpx
| Design           : Streaming_2_D_FIR_Filter_fil
| Device           : xc7z020clg484-1
| Design State     : routed
| Grade            : commercial
| Process          : typical
| Characterization : Production
----------------------------------------------------------------------------------------------------------------------------------------------------------------------------------------------------------

Power Report

Table of Contents
-----------------
1. Summary
1.1 On-Chip Components
1.2 Power Supply Summary
1.3 Confidence Level
2. Settings
2.1 Environment
2.2 Clock Constraints
3. Detailed Reports
3.1 By Hierarchy

1. Summary
----------

+--------------------------+--------------+
| Total On-Chip Power (W)  | 0.241        |
| Design Power Budget (W)  | Unspecified* |
| Power Budget Margin (W)  | NA           |
| Dynamic (W)              | 0.135        |
| Device Static (W)        | 0.106        |
| Effective TJA (C/W)      | 11.5         |
| Max Ambient (C)          | 82.2         |
| Junction Temperature (C) | 27.8         |
| Confidence Level         | Medium       |
| Setting File             | ---          |
| Simulation Activity File | ---          |
| Design Nets Matched      | NA           |
+--------------------------+--------------+
* Specify Design Power Budget using, set_operating_conditions -design_power_budget <value in Watts>


1.1 On-Chip Components
----------------------

+--------------------------+-----------+----------+-----------+-----------------+
| On-Chip                  | Power (W) | Used     | Available | Utilization (%) |
+--------------------------+-----------+----------+-----------+-----------------+
| Clocks                   |     0.004 |        6 |       --- |             --- |
| Slice Logic              |     0.002 |     4042 |       --- |             --- |
|   LUT as Logic           |     0.002 |     1550 |     53200 |            2.91 |
|   CARRY4                 |    <0.001 |      263 |     13300 |            1.98 |
|   Register               |    <0.001 |     1672 |    106400 |            1.57 |
|   LUT as Distributed RAM |    <0.001 |       52 |     17400 |            0.30 |
|   LUT as Shift Register  |    <0.001 |       12 |     17400 |            0.07 |
|   Others                 |     0.000 |      164 |       --- |             --- |
| Signals                  |     0.003 |     3093 |       --- |             --- |
| Block RAM                |     0.010 |     19.5 |       140 |           13.93 |
| MMCM                     |     0.116 |        1 |         4 |           25.00 |
| DSPs                     |    <0.001 |        1 |       220 |            0.45 |
| I/O                      |    <0.001 |        2 |       200 |            1.00 |
| Static Power             |     0.106 |          |           |                 |
| Total                    |     0.241 |          |           |                 |
+--------------------------+-----------+----------+-----------+-----------------+


1.2 Power Supply Summary
------------------------

+-----------+-------------+-----------+-------------+------------+
| Source    | Voltage (V) | Total (A) | Dynamic (A) | Static (A) |
+-----------+-------------+-----------+-------------+------------+
| Vccint    |       1.000 |     0.027 |       0.019 |      0.008 |
| Vccaux    |       1.800 |     0.075 |       0.064 |      0.011 |
| Vcco33    |       3.300 |     0.000 |       0.000 |      0.000 |
| Vcco25    |       2.500 |     0.000 |       0.000 |      0.000 |
| Vcco18    |       1.800 |     0.000 |       0.000 |      0.000 |
| Vcco15    |       1.500 |     0.000 |       0.000 |      0.000 |
| Vcco135   |       1.350 |     0.000 |       0.000 |      0.000 |
| Vcco12    |       1.200 |     0.000 |       0.000 |      0.000 |
| Vccaux_io |       1.800 |     0.000 |       0.000 |      0.000 |
| Vccbram   |       1.000 |     0.002 |       0.001 |      0.001 |
| MGTAVcc   |       1.000 |     0.000 |       0.000 |      0.000 |
| MGTAVtt   |       1.200 |     0.000 |       0.000 |      0.000 |
| MGTVccaux |       1.800 |     0.000 |       0.000 |      0.000 |
| Vccpint   |       1.000 |     0.017 |       0.000 |      0.017 |
| Vccpaux   |       1.800 |     0.010 |       0.000 |      0.010 |
| Vccpll    |       1.800 |     0.003 |       0.000 |      0.003 |
| Vcco_ddr  |       1.500 |     0.000 |       0.000 |      0.000 |
| Vcco_mio0 |       1.800 |     0.000 |       0.000 |      0.000 |
| Vcco_mio1 |       1.800 |     0.000 |       0.000 |      0.000 |
| Vccadc    |       1.800 |     0.020 |       0.000 |      0.020 |
+-----------+-------------+-----------+-------------+------------+


1.3 Confidence Level
--------------------

+-----------------------------+------------+-------------------------------------------------------+------------------------------------------------------------------------------------------------------------+
| User Input Data             | Confidence | Details                                               | Action                                                                                                     |
+-----------------------------+------------+-------------------------------------------------------+------------------------------------------------------------------------------------------------------------+
| Design implementation state | High       | Design is routed                                      |                                                                                                            |
| Clock nodes activity        | High       | User specified more than 95% of clocks                |                                                                                                            |
| I/O nodes activity          | Medium     | More than 5% of inputs are missing user specification | Provide missing input activity with simulation results or by editing the "By Resource Type -> I/Os" view   |
| Internal nodes activity     | Medium     | User specified less than 25% of internal nodes        | Provide missing internal nodes activity with simulation results or by editing the "By Resource Type" views |
| Device models               | High       | Device models are Production                          |                                                                                                            |
|                             |            |                                                       |                                                                                                            |
| Overall confidence level    | Medium     |                                                       |                                                                                                            |
+-----------------------------+------------+-------------------------------------------------------+------------------------------------------------------------------------------------------------------------+


2. Settings
-----------

2.1 Environment
---------------

+-----------------------+------------------------+
| Ambient Temp (C)      | 25.0                   |
| ThetaJA (C/W)         | 11.5                   |
| Airflow (LFM)         | 250                    |
| Heat Sink             | none                   |
| ThetaSA (C/W)         | 0.0                    |
| Board Selection       | medium (10"x10")       |
| # of Board Layers     | 8to11 (8 to 11 Layers) |
| Board Temperature (C) | 25.0                   |
+-----------------------+------------------------+


2.2 Clock Constraints
---------------------

+--------------------+-------------------------------------+-----------------+
| Clock              | Domain                              | Constraint (ns) |
+--------------------+-------------------------------------+-----------------+
| TCK                | TCK                                 |            15.2 |
| clk_out1_clk_wiz_0 | u_clk_wiz_0/inst/clk_out1_clk_wiz_0 |            40.0 |
| clkfbout_clk_wiz_0 | u_clk_wiz_0/inst/clkfbout_clk_wiz_0 |            10.0 |
| sysclk             | sysclk                              |            10.0 |
+--------------------+-------------------------------------+-----------------+


3. Detailed Reports
-------------------

3.1 By Hierarchy
----------------

+-----------------------------------------------------------------------------------------+-----------+
| Name                                                                                    | Power (W) |
+-----------------------------------------------------------------------------------------+-----------+
| Streaming_2_D_FIR_Filter_fil                                                            |     0.135 |
|   u_clk_wiz_0                                                                           |     0.117 |
|     inst                                                                                |     0.117 |
|   u_jtag_mac                                                                            |     0.004 |
|     u_post_chif_fifo                                                                    |     0.001 |
|       u_jtag_mac_fifo                                                                   |     0.001 |
|         U0                                                                              |     0.001 |
|           inst_fifo_gen                                                                 |     0.001 |
|             gconvfifo.rf                                                                |     0.001 |
|               grf.rf                                                                    |     0.001 |
|                 gntv_or_sync_fifo.gcx.clkx                                              |    <0.001 |
|                   rd_pntr_cdc_inst                                                      |    <0.001 |
|                   wr_pntr_cdc_inst                                                      |    <0.001 |
|                 gntv_or_sync_fifo.gl0.rd                                                |    <0.001 |
|                   gras.grdc1.rdc                                                        |    <0.001 |
|                   gras.rsts                                                             |    <0.001 |
|                     c0                                                                  |    <0.001 |
|                     c1                                                                  |    <0.001 |
|                   rpntr                                                                 |    <0.001 |
|                 gntv_or_sync_fifo.gl0.wr                                                |    <0.001 |
|                   gwas.wsts                                                             |    <0.001 |
|                     c1                                                                  |    <0.001 |
|                     c2                                                                  |    <0.001 |
|                     gaf.c3                                                              |    <0.001 |
|                   wpntr                                                                 |    <0.001 |
|                 gntv_or_sync_fifo.mem                                                   |    <0.001 |
|                   gbm.gbmg.gbmga.ngecc.bmg                                              |    <0.001 |
|                     inst_blk_mem_gen                                                    |    <0.001 |
|                       gnbram.gnativebmg.native_blk_mem_gen                              |    <0.001 |
|                         valid.cstr                                                      |    <0.001 |
|                           ramloop[0].ram.r                                              |    <0.001 |
|                             prim_noinit.ram                                             |    <0.001 |
|                 rstblk                                                                  |    <0.001 |
|                   ngwrdrst.grst.g7serrst.gsckt_wrst.gic_rst.xpm_cdc_single_inst_rrst_wr |    <0.001 |
|                   ngwrdrst.grst.g7serrst.gsckt_wrst.gic_rst.xpm_cdc_single_inst_wrst_rd |    <0.001 |
|                   ngwrdrst.grst.g7serrst.gsckt_wrst.gic_rst.xpm_cdc_sync_rst_inst_wrst  |    <0.001 |
|                   ngwrdrst.grst.g7serrst.gsckt_wrst.xpm_cdc_sync_rst_inst_wrst          |    <0.001 |
|     u_pre_chif_fifo                                                                     |     0.001 |
|       u_jtag_mac_fifo                                                                   |     0.001 |
|         U0                                                                              |     0.001 |
|           inst_fifo_gen                                                                 |     0.001 |
|             gconvfifo.rf                                                                |     0.001 |
|               grf.rf                                                                    |     0.001 |
|                 gntv_or_sync_fifo.gcx.clkx                                              |    <0.001 |
|                   rd_pntr_cdc_inst                                                      |    <0.001 |
|                   wr_pntr_cdc_inst                                                      |    <0.001 |
|                 gntv_or_sync_fifo.gl0.rd                                                |    <0.001 |
|                   gras.rsts                                                             |    <0.001 |
|                     c0                                                                  |    <0.001 |
|                     c1                                                                  |    <0.001 |
|                   rpntr                                                                 |    <0.001 |
|                 gntv_or_sync_fifo.gl0.wr                                                |    <0.001 |
|                   gwas.wsts                                                             |    <0.001 |
|                     c1                                                                  |    <0.001 |
|                     c2                                                                  |    <0.001 |
|                     gaf.c3                                                              |    <0.001 |
|                   wpntr                                                                 |    <0.001 |
|                 gntv_or_sync_fifo.mem                                                   |    <0.001 |
|                   gbm.gbmg.gbmga.ngecc.bmg                                              |    <0.001 |
|                     inst_blk_mem_gen                                                    |    <0.001 |
|                       gnbram.gnativebmg.native_blk_mem_gen                              |    <0.001 |
|                         valid.cstr                                                      |    <0.001 |
|                           ramloop[0].ram.r                                              |    <0.001 |
|                             prim_noinit.ram                                             |    <0.001 |
|                 rstblk                                                                  |    <0.001 |
|                   ngwrdrst.grst.g7serrst.gsckt_wrst.gic_rst.xpm_cdc_single_inst_rrst_wr |    <0.001 |
|                   ngwrdrst.grst.g7serrst.gsckt_wrst.gic_rst.xpm_cdc_single_inst_wrst_rd |    <0.001 |
|                   ngwrdrst.grst.g7serrst.gsckt_wrst.gic_rst.xpm_cdc_sync_rst_inst_wrst  |    <0.001 |
|                   ngwrdrst.grst.g7serrst.gsckt_wrst.xpm_cdc_sync_rst_inst_wrst          |    <0.001 |
|     u_simcycle_fifo                                                                     |    <0.001 |
|       u_simcycle_fifo                                                                   |    <0.001 |
|         U0                                                                              |    <0.001 |
|           inst_fifo_gen                                                                 |    <0.001 |
|             gconvfifo.rf                                                                |    <0.001 |
|               grf.rf                                                                    |    <0.001 |
|                 gntv_or_sync_fifo.gcx.clkx                                              |    <0.001 |
|                   rd_pntr_cdc_inst                                                      |    <0.001 |
|                   wr_pntr_cdc_inst                                                      |    <0.001 |
|                 gntv_or_sync_fifo.gl0.rd                                                |    <0.001 |
|                   gras.rsts                                                             |    <0.001 |
|                   rpntr                                                                 |    <0.001 |
|                 gntv_or_sync_fifo.gl0.wr                                                |    <0.001 |
|                   gwas.wsts                                                             |    <0.001 |
|                   wpntr                                                                 |    <0.001 |
|                 gntv_or_sync_fifo.mem                                                   |    <0.001 |
|                   gbm.gbmg.gbmga.ngecc.bmg                                              |    <0.001 |
|                     inst_blk_mem_gen                                                    |    <0.001 |
|                       gnbram.gnativebmg.native_blk_mem_gen                              |    <0.001 |
|                         valid.cstr                                                      |    <0.001 |
|                           ramloop[0].ram.r                                              |    <0.001 |
|                             prim_noinit.ram                                             |    <0.001 |
|                 rstblk                                                                  |    <0.001 |
|                   ngwrdrst.grst.g7serrst.gsckt_wrst.gic_rst.xpm_cdc_single_inst_rrst_wr |    <0.001 |
|                   ngwrdrst.grst.g7serrst.gsckt_wrst.gic_rst.xpm_cdc_single_inst_wrst_rd |    <0.001 |
|                   ngwrdrst.grst.g7serrst.gsckt_wrst.gic_rst.xpm_cdc_sync_rst_inst_wrst  |    <0.001 |
|                   ngwrdrst.grst.g7serrst.gsckt_wrst.xpm_cdc_sync_rst_inst_wrst          |    <0.001 |
|   u_mwfil_chiftop                                                                       |     0.014 |
|     u_dut                                                                               |     0.013 |
|       u_Streaming_2_D_FIR_Filter                                                        |     0.013 |
|         u_Delay_balance                                                                 |     0.009 |
|           u_Simple_Dual_Port_RAM                                                        |     0.009 |
|         u_Line_Memory                                                                   |    <0.001 |
|           u_Aligned_Demux                                                               |    <0.001 |
|             u_Aligned_Pulse                                                             |    <0.001 |
|             u_Aligned_Pulse1                                                            |    <0.001 |
|           u_Line_Memory_Bank                                                            |    <0.001 |
|             u_Line_Selector                                                             |    <0.001 |
|             u_RAM_Blocks                                                                |    <0.001 |
|               u_Dynamic_RAM_Blocks                                                      |    <0.001 |
|                 u_RAM1                                                                  |    <0.001 |
|                 u_RAM2                                                                  |    <0.001 |
|             u_decoder                                                                   |    <0.001 |
|           u_Line_Memory_Controller                                                      |    <0.001 |
|             u_Adjust_Sync_Signals                                                       |    <0.001 |
|               u_Detect_Frame_End                                                        |    <0.001 |
|               u_Detect_Line_End                                                         |    <0.001 |
|             u_Initial_Line_Skip                                                         |    <0.001 |
|             u_Out_Row_Count                                                             |    <0.001 |
|             u_Read_Col_Counter                                                          |    <0.001 |
|             u_Read_Control                                                              |    <0.001 |
|               u_Aligned_to_Second_Pulse                                                 |    <0.001 |
|               u_Bit_Set                                                                 |    <0.001 |
|               u_Hold_Valid_Counter                                                      |    <0.001 |
|               u_Pos_Edge_Detect                                                         |    <0.001 |
|               u_Pos_Edge_Detect1                                                        |    <0.001 |
|               u_Repeat_Counter                                                          |    <0.001 |
|               u_Time_Distance                                                           |    <0.001 |
|             u_Read_Line_Count                                                           |    <0.001 |
|               u_Read_Line_Counter1                                                      |    <0.001 |
|             u_Write_Col_Counter                                                         |    <0.001 |
|             u_Write_Line_Counter                                                        |    <0.001 |
|         u_Make_Neighborhood                                                             |    <0.001 |
|           u_Make_Neighborhood                                                           |    <0.001 |
|     u_mwfil_chifcore                                                                    |     0.001 |
|       NormalBlock.u_b2dfifo                                                             |    <0.001 |
|         u_dpscram                                                                       |    <0.001 |
|           mem_reg_0_15_0_5                                                              |    <0.001 |
|           mem_reg_0_15_12_17                                                            |    <0.001 |
|           mem_reg_0_15_18_23                                                            |    <0.001 |
|           mem_reg_0_15_24_29                                                            |    <0.001 |
|           mem_reg_0_15_30_31                                                            |    <0.001 |
|           mem_reg_0_15_6_11                                                             |    <0.001 |
|       NormalBlock.u_bus2dut                                                             |    <0.001 |
|       u_controller                                                                      |    <0.001 |
|       u_d2bfifo                                                                         |    <0.001 |
|         u_dpscram                                                                       |    <0.001 |
|           mem_reg_0_15_0_5                                                              |    <0.001 |
|           mem_reg_0_15_12_17                                                            |    <0.001 |
|           mem_reg_0_15_18_23                                                            |    <0.001 |
|           mem_reg_0_15_24_29                                                            |    <0.001 |
|           mem_reg_0_15_30_35                                                            |    <0.001 |
|           mem_reg_0_15_36_39                                                            |    <0.001 |
|           mem_reg_0_15_6_11                                                             |    <0.001 |
|       u_dut2bus                                                                         |    <0.001 |
+-----------------------------------------------------------------------------------------+-----------+


