#-----------------------------------------------------------
# Vivado v2018.2 (64-bit)
# SW Build 2258646 on Thu Jun 14 20:03:12 MDT 2018
# IP Build 2256618 on Thu Jun 14 22:10:49 MDT 2018
# Start of session at: Tue Jun 18 10:02:05 2019
# Process ID: 8460
# Current directory: D:/HDA/2_sem/DesignAndTestOfMicroelectronics/Lab/Lab3
# Command line: vivado.exe -mode batch -source _vivado_program.cmd
# Log file: D:/HDA/2_sem/DesignAndTestOfMicroelectronics/Lab/Lab3/vivado.log
# Journal file: D:/HDA/2_sem/DesignAndTestOfMicroelectronics/Lab/Lab3\vivado.jou
#-----------------------------------------------------------
source _vivado_program.cmd
# set chain_position 1
# open_hw
# connect_hw_server -url localhost:3121
INFO: [Labtools 27-2285] Connecting to hw_server url TCP:localhost:3121
INFO: [Labtools 27-2222] Launching hw_server...
INFO: [Labtools 27-2221] Launch Output:

****** Xilinx hw_server v2018.2
  **** Build date : Jun 14 2018-20:42:52
    ** Copyright 1986-2018 Xilinx, Inc. All Rights Reserved.


connect_hw_server: Time (s): cpu = 00:00:01 ; elapsed = 00:00:06 . Memory (MB): peak = 247.184 ; gain = 2.707
# open_hw_target
INFO: [Labtoolstcl 44-466] Opening hw_target localhost:3121/xilinx_tcf/Digilent/210248657885
# current_hw_device [lindex [get_hw_devices] $chain_position]
# refresh_hw_device -update_hw_probes false [lindex [get_hw_devices] $chain_position]
INFO: [Labtools 27-1435] Device xc7z020 (JTAG device index = 1) is not programmed (DONE status = 0).
# set_property PROGRAM.FILE {D:\HDA\2_sem\DesignAndTestOfMicroelectronics\Lab\Lab3\Streaming_2_D_FIR_Filter_fil\Streaming_2_D_FIR_Filter_fil.bit} [lindex [get_hw_devices] $chain_position]
# program_hw_devices [lindex [get_hw_devices] $chain_position]
INFO: [Labtools 27-3164] End of startup status: HIGH
# disconnect_hw_server
INFO: [Common 17-206] Exiting Vivado at Tue Jun 18 10:02:24 2019...
