#-----------------------------------------------------------
# Vivado v2018.2 (64-bit)
# SW Build 2258646 on Thu Jun 14 20:03:12 MDT 2018
# IP Build 2256618 on Thu Jun 14 22:10:49 MDT 2018
# Start of session at: Mon Jun 17 23:52:21 2019
# Process ID: 13320
# Current directory: D:/HDA/2_sem/DesignAndTestOfMicroelectronics/Lab/Lab3
# Command line: vivado.exe -mode batch -source _vivado_program.cmd
# Log file: D:/HDA/2_sem/DesignAndTestOfMicroelectronics/Lab/Lab3/vivado.log
# Journal file: D:/HDA/2_sem/DesignAndTestOfMicroelectronics/Lab/Lab3\vivado.jou
#-----------------------------------------------------------
source _vivado_program.cmd
# set chain_position 1
# open_hw
# connect_hw_server -url localhost:3121
INFO: [Labtools 27-2285] Connecting to hw_server url TCP:localhost:3121
INFO: [Labtools 27-2222] Launching hw_server...
INFO: [Labtools 27-2221] Launch Output:

****** Xilinx hw_server v2018.2
  **** Build date : Jun 14 2018-20:42:52
    ** Copyright 1986-2018 Xilinx, Inc. All Rights Reserved.


# open_hw_target
ERROR: [Labtoolstcl 44-469] There is no current hw_target.
INFO: [Common 17-206] Exiting Vivado at Mon Jun 17 23:52:32 2019...
