#-----------------------------------------------------------
# Vivado v2018.2 (64-bit)
# SW Build 2258646 on Thu Jun 14 20:03:12 MDT 2018
# IP Build 2256618 on Thu Jun 14 22:10:49 MDT 2018
# Start of session at: Wed Apr 17 00:34:10 2019
# Process ID: 5692
# Current directory: C:/Users/Schumann3/h_da/Vivado_2018_2_projects/lab1_DesignTest_audio_2018_2/audio24bit/audio24bit
# Command line: vivado.exe -gui_launcher_event rodinguilauncherevent8452 C:\Users\Schumann3\h_da\Vivado_2018_2_projects\lab1_DesignTest_audio_2018_2\audio24bit\audio24bit\audio24bit.xpr
# Log file: C:/Users/Schumann3/h_da/Vivado_2018_2_projects/lab1_DesignTest_audio_2018_2/audio24bit/audio24bit/vivado.log
# Journal file: C:/Users/Schumann3/h_da/Vivado_2018_2_projects/lab1_DesignTest_audio_2018_2/audio24bit/audio24bit\vivado.jou
#-----------------------------------------------------------
start_gui
open_project C:/Users/Schumann3/h_da/Vivado_2018_2_projects/lab1_DesignTest_audio_2018_2/audio24bit/audio24bit/audio24bit.xpr
INFO: [ProjectBase 1-489] The host OS only allows 260 characters in a normal path. The project is stored in a path with more than 80 characters. If you experience issues with IP, Block Designs, or files not being found, please consider moving the project to a location with a shorter path. Alternately consider using the OS subst command to map part of the path to a drive letter.
Current project path is 'C:/Users/Schumann3/h_da/Vivado_2018_2_projects/lab1_DesignTest_audio_2018_2/audio24bit/audio24bit'
Scanning sources...
Finished scanning sources
INFO: [IP_Flow 19-234] Refreshing IP repositories
INFO: [IP_Flow 19-1704] No user IP repositories specified
INFO: [IP_Flow 19-2313] Loaded Vivado IP repository 'C:/Xilinx/Vivado/2018.2/data/ip'.
open_project: Time (s): cpu = 00:00:17 ; elapsed = 00:00:09 . Memory (MB): peak = 757.039 ; gain = 86.367
exit
INFO: [Common 17-206] Exiting Vivado at Wed Apr 17 00:35:14 2019...
