#-----------------------------------------------------------
# Vivado v2014.2
# SW Build 932637 on Wed Jun 11 13:24:38 MDT 2014
# IP Build 924643 on Fri May 30 09:20:16 MDT 2014
# Start of session at: Mon Apr 20 20:26:51 2015
# Process ID: 7244
# Log file: C:/Users/Schumann/FH/Zedboard_labDesignTest/audio/Audio_Vivado20142/audio24bit/vivado.log
# Journal file: C:/Users/Schumann/FH/Zedboard_labDesignTest/audio/Audio_Vivado20142/audio24bit\vivado.jou
#-----------------------------------------------------------
start_gui
open_project {C:\Users\Schumann\FH\Zedboard_labDesignTest\audio\Audio_Vivado20142\audio24bit\audio24bit.xpr}
CRITICAL WARNING: [Board 49-4] Problem parsing board_part file - C:/Xilinx/Vivado/2014.2/data/boards/board_parts/kintex7/kc705/0.9/board_part.xml, The board part 'xc7k325tffg900-2' is either not supported or invalid.
CRITICAL WARNING: [Board 49-4] Problem parsing board_part file - C:/Xilinx/Vivado/2014.2/data/boards/board_parts/kintex7/kc705/1.0/board_part.xml, The board part 'xc7k325tffg900-2' is either not supported or invalid.
CRITICAL WARNING: [Board 49-4] Problem parsing board_part file - C:/Xilinx/Vivado/2014.2/data/boards/board_parts/zynq/zc706/0.9/board_part.xml, The board part 'xc7z045ffg900-2' is either not supported or invalid.
CRITICAL WARNING: [Board 49-4] Problem parsing board_part file - C:/Xilinx/Vivado/2014.2/data/boards/board_parts/zynq/zc706/1.0/board_part.xml, The board part 'xc7z045ffg900-2' is either not supported or invalid.
Scanning sources...
Finished scanning sources
reset_run impl_1
launch_runs impl_1
[Mon Apr 20 20:29:06 2015] Launched impl_1...
Run output will be captured here: C:/Users/Schumann/FH/Zedboard_labDesignTest/audio/Audio_Vivado20142/audio24bit/audio24bit.runs/impl_1/runme.log
exit
INFO: [Common 17-206] Exiting Vivado at Mon Apr 20 20:31:35 2015...
